\BOOKMARK [1][-]{section.1}{\376\377\000I\000n\000t\000r\000o\000d\000u\000c\000t\000i\000o\000n}{}% 1
\BOOKMARK [1][-]{section.2}{\376\377\000C\000o\000m\000p\000a\000r\000a\000t\000i\000v\000e\000\040\000A\000n\000a\000l\000y\000s\000i\000s}{}% 2
\BOOKMARK [2][-]{subsection.2.1}{\376\377\000R\000e\000q\000u\000i\000r\000e\000\040\000v\000s\000.\000\040\000A\000s\000s\000e\000r\000t\000\040\000v\000s\000.\000\040\000R\000e\000v\000e\000r\000t}{section.2}% 3
\BOOKMARK [3][-]{subsubsection.2.1.1}{\376\377\000B\000a\000c\000k\000g\000r\000o\000u\000n\000d\000\040\000a\000n\000d\000\040\000I\000m\000p\000l\000e\000m\000e\000n\000t\000a\000t\000i\000o\000n}{subsection.2.1}% 4
\BOOKMARK [3][-]{subsubsection.2.1.2}{\376\377\000C\000o\000m\000p\000a\000r\000a\000t\000i\000v\000e\000\040\000A\000n\000a\000l\000y\000s\000i\000s}{subsection.2.1}% 5
\BOOKMARK [2][-]{subsection.2.2}{\376\377\000M\000o\000d\000i\000f\000i\000e\000r\000\040\000v\000s\000.\000\040\000D\000i\000r\000e\000c\000t\000\040\000F\000u\000n\000c\000t\000i\000o\000n\000\040\000V\000a\000l\000i\000d\000a\000t\000i\000o\000n}{section.2}% 6
\BOOKMARK [3][-]{subsubsection.2.2.1}{\376\377\000B\000a\000c\000k\000g\000r\000o\000u\000n\000d\000\040\000a\000n\000d\000\040\000I\000m\000p\000l\000e\000m\000e\000n\000t\000a\000t\000i\000o\000n}{subsection.2.2}% 7
\BOOKMARK [3][-]{subsubsection.2.2.2}{\376\377\000C\000o\000m\000p\000a\000r\000a\000t\000i\000v\000e\000\040\000A\000n\000a\000l\000y\000s\000i\000s}{subsection.2.2}% 8
\BOOKMARK [2][-]{subsection.2.3}{\376\377\000S\000a\000f\000e\000M\000a\000t\000h\000\040\000v\000s\000.\000\040\000N\000a\000t\000i\000v\000e\000\040\000C\000h\000e\000c\000k\000s\000\040\000v\000s\000.\000\040\000U\000n\000c\000h\000e\000c\000k\000e\000d}{section.2}% 9
\BOOKMARK [3][-]{subsubsection.2.3.1}{\376\377\000B\000a\000c\000k\000g\000r\000o\000u\000n\000d\000\040\000a\000n\000d\000\040\000I\000m\000p\000l\000e\000m\000e\000n\000t\000a\000t\000i\000o\000n}{subsection.2.3}% 10
\BOOKMARK [3][-]{subsubsection.2.3.2}{\376\377\000C\000o\000m\000p\000a\000r\000a\000t\000i\000v\000e\000\040\000A\000n\000a\000l\000y\000s\000i\000s}{subsection.2.3}% 11
\BOOKMARK [2][-]{subsection.2.4}{\376\377\000T\000r\000a\000n\000s\000f\000e\000r\000\040\000v\000s\000.\000\040\000S\000e\000n\000d\000\040\000v\000s\000.\000\040\000C\000a\000l\000l}{section.2}% 12
\BOOKMARK [3][-]{subsubsection.2.4.1}{\376\377\000B\000a\000c\000k\000g\000r\000o\000u\000n\000d\000\040\000a\000n\000d\000\040\000I\000m\000p\000l\000e\000m\000e\000n\000t\000a\000t\000i\000o\000n}{subsection.2.4}% 13
\BOOKMARK [3][-]{subsubsection.2.4.2}{\376\377\000C\000o\000m\000p\000a\000r\000a\000t\000i\000v\000e\000\040\000A\000n\000a\000l\000y\000s\000i\000s}{subsection.2.4}% 14
\BOOKMARK [2][-]{subsection.2.5}{\376\377\000C\000a\000l\000l\000\040\000v\000s\000.\000\040\000D\000e\000l\000e\000g\000a\000t\000e\000c\000a\000l\000l\000\040\000v\000s\000.\000\040\000S\000t\000a\000t\000i\000c\000c\000a\000l\000l}{section.2}% 15
\BOOKMARK [3][-]{subsubsection.2.5.1}{\376\377\000B\000a\000c\000k\000g\000r\000o\000u\000n\000d\000\040\000a\000n\000d\000\040\000I\000m\000p\000l\000e\000m\000e\000n\000t\000a\000t\000i\000o\000n}{subsection.2.5}% 16
\BOOKMARK [3][-]{subsubsection.2.5.2}{\376\377\000C\000o\000m\000p\000a\000r\000a\000t\000i\000v\000e\000\040\000A\000n\000a\000l\000y\000s\000i\000s}{subsection.2.5}% 17
\BOOKMARK [2][-]{subsection.2.6}{\376\377\000M\000e\000m\000o\000r\000y\000\040\000A\000r\000r\000a\000y\000\040\000v\000s\000\040\000S\000t\000o\000r\000a\000g\000e\000\040\000A\000r\000r\000a\000y}{section.2}% 18
\BOOKMARK [3][-]{subsubsection.2.6.1}{\376\377\000B\000a\000c\000k\000g\000r\000o\000u\000n\000d\000\040\000a\000n\000d\000\040\000I\000m\000p\000l\000e\000m\000e\000n\000t\000a\000t\000i\000o\000n}{subsection.2.6}% 19
\BOOKMARK [3][-]{subsubsection.2.6.2}{\376\377\000I\000m\000p\000l\000e\000m\000e\000n\000t\000a\000t\000i\000o\000n\000\040\000M\000e\000c\000h\000a\000n\000i\000s\000m\000s}{subsection.2.6}% 20
\BOOKMARK [3][-]{subsubsection.2.6.3}{\376\377\000K\000e\000y\000\040\000D\000i\000f\000f\000e\000r\000e\000n\000c\000e\000s}{subsection.2.6}% 21
\BOOKMARK [2][-]{subsection.2.7}{\376\377\000R\000e\000c\000e\000i\000v\000e\000\040\000v\000s\000.\000\040\000F\000a\000l\000l\000b\000a\000c\000k}{section.2}% 22
\BOOKMARK [3][-]{subsubsection.2.7.1}{\376\377\000B\000a\000c\000k\000g\000r\000o\000u\000n\000d\000\040\000a\000n\000d\000\040\000I\000m\000p\000l\000e\000m\000e\000n\000t\000a\000t\000i\000o\000n}{subsection.2.7}% 23
\BOOKMARK [3][-]{subsubsection.2.7.2}{\376\377\000C\000o\000m\000p\000a\000r\000a\000t\000i\000v\000e\000\040\000A\000n\000a\000l\000y\000s\000i\000s}{subsection.2.7}% 24
\BOOKMARK [1][-]{section.3}{\376\377\000S\000e\000c\000u\000r\000i\000t\000y\000\040\000A\000n\000a\000l\000y\000s\000i\000s}{}% 25
\BOOKMARK [2][-]{subsection.3.1}{\376\377\000O\000v\000e\000r\000f\000l\000o\000w\000\040\000V\000u\000l\000n\000e\000r\000a\000b\000i\000l\000i\000t\000i\000e\000s}{section.3}% 26
\BOOKMARK [3][-]{subsubsection.3.1.1}{\376\377\000A\000r\000i\000t\000h\000m\000e\000t\000i\000c\000\040\000O\000v\000e\000r\000f\000l\000o\000w}{subsection.3.1}% 27
\BOOKMARK [3][-]{subsubsection.3.1.2}{\376\377\000A\000r\000r\000a\000y\000\040\000B\000o\000u\000n\000d\000s}{subsection.3.1}% 28
\BOOKMARK [2][-]{subsection.3.2}{\376\377\000R\000e\000p\000l\000a\000y\000\040\000A\000t\000t\000a\000c\000k\000s}{section.3}% 29
\BOOKMARK [2][-]{subsection.3.3}{\376\377\000S\000t\000o\000r\000a\000g\000e\000\040\000L\000a\000y\000o\000u\000t\000\040\000C\000o\000n\000f\000l\000i\000c\000t\000s}{section.3}% 30
\BOOKMARK [1][-]{section.4}{\376\377\000G\000a\000s\000\040\000A\000n\000a\000l\000y\000s\000i\000s}{}% 31
\BOOKMARK [2][-]{subsection.4.1}{\376\377\000e\000n\000v\000i\000r\000o\000n\000m\000e\000n\000t}{section.4}% 32
\BOOKMARK [2][-]{subsection.4.2}{\376\377\000A\000n\000a\000l\000y\000s\000i\000s}{section.4}% 33
\BOOKMARK [1][-]{section.5}{\376\377\000C\000o\000n\000c\000l\000u\000s\000i\000o\000n}{}% 34
\BOOKMARK [1][-]{section*.1}{\376\377\000R\000e\000f\000e\000r\000e\000n\000c\000e\000s}{}% 35
